<?xml version="1.0" encoding="UTF-8"?>
<!-- Generated by org.testng.reporters.JUnitXMLReporter -->
<testsuite ignored="0" hostname="DESKTOP-JLPE75F" failures="5" tests="37" name="newTest" time="625.863" errors="0" timestamp="2024-06-13T00:22:34 IST">
  <testcase classname="testCases.CheckOutPage_Test" name="@BeforeMethod setUp" time="9.562">
    <failure type="org.openqa.selenium.WebDriverException" message="no such execution context
  (Session info: chrome=125.0.6422.144)
Build info: version: &amp;apos;4.11.0&amp;apos;, revision: &amp;apos;040bc5406b&amp;apos;
System info: os.name: &amp;apos;Windows 10&amp;apos;, os.arch: &amp;apos;amd64&amp;apos;, os.version: &amp;apos;10.0&amp;apos;, java.version: &amp;apos;17.0.6&amp;apos;
Driver info: org.openqa.selenium.chrome.ChromeDriver
Command: [fc3202579c774c973d0b41cb8f17d96b, maximizeCurrentWindow {}]
Capabilities {acceptInsecureCerts: false, browserName: chrome, browserVersion: 125.0.6422.144, chrome: {chromedriverVersion: 125.0.6422.141 (4b1e8393712..., userDataDir: C:\Users\Admin\AppData\Loca...}, fedcm:accounts: true, goog:chromeOptions: {debuggerAddress: localhost:60033}, networkConnectionEnabled: false, pageLoadStrategy: normal, platformName: windows, proxy: Proxy(), se:cdp: ws://localhost:60033/devtoo..., se:cdpVersion: 125.0.6422.144, setWindowRect: true, strictFileInteractability: false, timeouts: {implicit: 0, pageLoad: 300000, script: 30000}, unhandledPromptBehavior: dismiss and notify, webauthn:extension:credBlob: true, webauthn:extension:largeBlob: true, webauthn:extension:minPinLength: true, webauthn:extension:prf: true, webauthn:virtualAuthenticators: true}
Session ID: fc3202579c774c973d0b41cb8f17d96b">
      <![CDATA[org.openqa.selenium.WebDriverException: no such execution context
  (Session info: chrome=125.0.6422.144)
Build info: version: '4.11.0', revision: '040bc5406b'
System info: os.name: 'Windows 10', os.arch: 'amd64', os.version: '10.0', java.version: '17.0.6'
Driver info: org.openqa.selenium.chrome.ChromeDriver
Command: [fc3202579c774c973d0b41cb8f17d96b, maximizeCurrentWindow {}]
Capabilities {acceptInsecureCerts: false, browserName: chrome, browserVersion: 125.0.6422.144, chrome: {chromedriverVersion: 125.0.6422.141 (4b1e8393712..., userDataDir: C:\Users\Admin\AppData\Loca...}, fedcm:accounts: true, goog:chromeOptions: {debuggerAddress: localhost:60033}, networkConnectionEnabled: false, pageLoadStrategy: normal, platformName: windows, proxy: Proxy(), se:cdp: ws://localhost:60033/devtoo..., se:cdpVersion: 125.0.6422.144, setWindowRect: true, strictFileInteractability: false, timeouts: {implicit: 0, pageLoad: 300000, script: 30000}, unhandledPromptBehavior: dismiss and notify, webauthn:extension:credBlob: true, webauthn:extension:largeBlob: true, webauthn:extension:minPinLength: true, webauthn:extension:prf: true, webauthn:virtualAuthenticators: true}
Session ID: fc3202579c774c973d0b41cb8f17d96b
at org.openqa.selenium.remote.codec.w3c.W3CHttpResponseCodec.createException(W3CHttpResponseCodec.java:200)
at org.openqa.selenium.remote.codec.w3c.W3CHttpResponseCodec.decode(W3CHttpResponseCodec.java:133)
at org.openqa.selenium.remote.codec.w3c.W3CHttpResponseCodec.decode(W3CHttpResponseCodec.java:52)
at org.openqa.selenium.remote.HttpCommandExecutor.execute(HttpCommandExecutor.java:191)
at org.openqa.selenium.remote.service.DriverCommandExecutor.invokeExecute(DriverCommandExecutor.java:196)
at org.openqa.selenium.remote.service.DriverCommandExecutor.execute(DriverCommandExecutor.java:171)
at org.openqa.selenium.remote.RemoteWebDriver.execute(RemoteWebDriver.java:518)
at org.openqa.selenium.remote.RemoteWebDriver.execute(RemoteWebDriver.java:591)
at org.openqa.selenium.remote.RemoteWebDriver.execute(RemoteWebDriver.java:595)
at org.openqa.selenium.remote.RemoteWebDriver$RemoteWebDriverOptions$RemoteWindow.maximize(RemoteWebDriver.java:978)
at base.TestBase.initialization(TestBase.java:33)
at testCases.CheckOutPage_Test.setUp(CheckOutPage_Test.java:29)
at java.base/java.util.ArrayList.forEach(ArrayList.java:1511)
... Removed 36 stack frames]]>
    </failure>
  </testcase> <!-- @BeforeMethod setUp -->
  <testcase classname="testCases.CheckOutPage_Test" name="@AfterMethod closeBrowser" time="0.0">
    <skipped/>
  </testcase> <!-- @AfterMethod closeBrowser -->
  <testcase classname="testCases.CheckOutPage_Test" name="checkouttitle" time="0.072"/>
  <testcase classname="testCases.CheckOutPage_Test" name="infotest" time="7.808"/>
  <testcase classname="testCases.CheckOutPage_Test" name="verifyCancelbtn" time="0.215"/>
  <testcase classname="testCases.CheckOutPage_Test" name="verifyLogotest" time="0.446">
    <failure type="java.lang.AssertionError" message="expected [Swag Labs] but found [Swg Labs]">
      <![CDATA[java.lang.AssertionError: expected [Swag Labs] but found [Swg Labs]
at testCases.CheckOutPage_Test.verifyLogotest(CheckOutPage_Test.java:61)
at java.base/java.util.ArrayList.forEach(ArrayList.java:1511)
... Removed 33 stack frames]]>
    </failure>
  </testcase> <!-- verifyLogotest -->
  <testcase classname="testCases.CheckOutPage_Test" name="verifymenubtn" time="0.001">
    <skipped/>
  </testcase> <!-- verifymenubtn -->
  <testcase classname="testCases.LoginPageTest" name="URL" time="0.525"/>
  <testcase classname="testCases.LoginPageTest" name="loginofApplicationtest" time="4.384"/>
  <testcase classname="testCases.LoginPageTest" name="titletest" time="0.387">
    <failure type="java.lang.NullPointerException" message="Cannot invoke &amp;quot;org.apache.poi.ss.usermodel.Cell.getStringCellValue()&amp;quot; because the return value of &amp;quot;org.apache.poi.ss.usermodel.Row.getCell(int)&amp;quot; is null">
      <![CDATA[java.lang.NullPointerException: Cannot invoke "org.apache.poi.ss.usermodel.Cell.getStringCellValue()" because the return value of "org.apache.poi.ss.usermodel.Row.getCell(int)" is null
at utility.ReadData.readExcel(ReadData.java:24)
at testCases.LoginPageTest.titletest(LoginPageTest.java:47)
at java.base/java.util.ArrayList.forEach(ArrayList.java:1511)
... Removed 27 stack frames]]>
    </failure>
  </testcase> <!-- titletest -->
  <testcase classname="testCases.CheckOutPage1_Test" name="CheckOutPage1Title" time="0.016"/>
  <testcase classname="testCases.CheckOutPage1_Test" name="CheckOutPage1URl" time="0.021"/>
  <testcase classname="testCases.CheckOutPage1_Test" name="verifyShippinglabel" time="0.067"/>
  <testcase classname="testCases.CheckOutPage1_Test" name="verifyShippingtext" time="0.077"/>
  <testcase classname="testCases.CheckOutPage1_Test" name="verifyfinishbtntest" time="0.32">
    <failure type="java.lang.AssertionError" message="expected [https://www.saucedemo.com/checkout-complete.html] but found [https://www.saucedemo.com/heckout-complete.html]">
      <![CDATA[java.lang.AssertionError: expected [https://www.saucedemo.com/checkout-complete.html] but found [https://www.saucedemo.com/heckout-complete.html]
at testCases.CheckOutPage1_Test.verifyfinishbtntest(CheckOutPage1_Test.java:138)
at java.base/java.util.ArrayList.forEach(ArrayList.java:1511)
... Removed 33 stack frames]]>
    </failure>
  </testcase> <!-- verifyfinishbtntest -->
  <testcase classname="testCases.CheckOutPage1_Test" name="verifyitemtotaltext" time="0.115"/>
  <testcase classname="testCases.CheckOutPage1_Test" name="verifypaymentLabeltest" time="0.146"/>
  <testcase classname="testCases.CheckOutPage1_Test" name="verifypaymentinfotext" time="0.063"/>
  <testcase classname="testCases.CheckOutPage1_Test" name="verifytaxtext" time="0.072"/>
  <testcase classname="testCases.CheckOutPage1_Test" name="verifytotalLabel" time="0.084"/>
  <testcase classname="testCases.CheckOutPage1_Test" name="verifytotaltext" time="0.072"/>
  <testcase classname="testCases.CartIcon_Test" name="carttitle" time="0.031"/>
  <testcase classname="testCases.CartIcon_Test" name="continuebtn" time="2.277"/>
  <testcase classname="testCases.CartIcon_Test" name="desc" time="0.127">
    <failure type="java.lang.AssertionError" message="expected [Description] but found [Descriptin]">
      <![CDATA[java.lang.AssertionError: expected [Description] but found [Descriptin]
at testCases.CartIcon_Test.desc(CartIcon_Test.java:97)
at java.base/java.util.ArrayList.forEach(ArrayList.java:1511)
... Removed 33 stack frames]]>
    </failure>
  </testcase> <!-- desc -->
  <testcase classname="testCases.CartIcon_Test" name="qty" time="0.272"/>
  <testcase classname="testCases.CartIcon_Test" name="removeproducts" time="0.442"/>
  <testcase classname="testCases.CartIcon_Test" name="twitterlogo" time="0.134"/>
  <testcase classname="testCases.CartIcon_Test" name="url" time="0.023"/>
  <testcase classname="testCases.CartIcon_Test" name="verifyCheckoutButtonTest" time="3.356"/>
  <testcase classname="testCases.InventoryPage_Test" name="FacebookLogo" time="0.115"/>
  <testcase classname="testCases.InventoryPage_Test" name="Footertest" time="0.108"/>
  <testcase classname="testCases.InventoryPage_Test" name="LinkedInLogo" time="0.297"/>
  <testcase classname="testCases.InventoryPage_Test" name="Logotest" time="0.184"/>
  <testcase classname="testCases.InventoryPage_Test" name="PageTitleTest" time="0.131"/>
  <testcase classname="testCases.InventoryPage_Test" name="add6productsTest" time="2.018"/>
  <testcase classname="testCases.InventoryPage_Test" name="cartIcontest" time="0.257"/>
  <testcase classname="testCases.InventoryPage_Test" name="menudropdown" time="0.345"/>
  <testcase classname="testCases.InventoryPage_Test" name="removeproducts" time="0.141">
    <failure type="java.lang.NullPointerException" message="Cannot invoke &amp;quot;org.apache.poi.ss.usermodel.Cell.getStringCellValue()&amp;quot; because the return value of &amp;quot;org.apache.poi.ss.usermodel.Row.getCell(int)&amp;quot; is null">
      <![CDATA[java.lang.NullPointerException: Cannot invoke "org.apache.poi.ss.usermodel.Cell.getStringCellValue()" because the return value of "org.apache.poi.ss.usermodel.Row.getCell(int)" is null
at utility.ReadData.readExcel(ReadData.java:24)
at testCases.InventoryPage_Test.removeproducts(InventoryPage_Test.java:42)
at java.base/java.util.ArrayList.forEach(ArrayList.java:1511)
... Removed 27 stack frames]]>
    </failure>
  </testcase> <!-- removeproducts -->
  <testcase classname="testCases.InventoryPage_Test" name="verifyTwitterlogoTest" time="0.265"/>
</testsuite> <!-- newTest -->
